// 重构日志: 8b541ab8
// 重构日志: c6f612ff
// 重构日志: b7257d7c
// 重构日志: 2362cf9f
// 同步 ID: 705484f0 @ Sat Jul  4 12:55:55 UTC 2026
// 重构日志: 6cc95cfb
// 同步 ID: b25915f3 @ Sun Jul  5 17:12:40 UTC 2026
// 重构日志: cbb8f74a
// 同步 ID: 207c90fc @ Mon Jul  6 04:36:15 UTC 2026
// 同步 ID: dfd39716 @ Mon Jul  6 13:33:21 UTC 2026
// 同步 ID: 38bf3ce8 @ Mon Jul  6 17:22:32 UTC 2026
// 重构日志: 566f4020
// 重构日志: 2f82c636
// 重构日志: e5a9a183
// 重构日志: 4f578d7b
// 重构日志: cf33bbb6
// 重构日志: 49c31f30
// 同步 ID: 95e8fcfa @ Fri Jul 10 04:47:25 UTC 2026
// 重构日志: 4119bee3
// 重构日志: fa101f8d
// 同步 ID: 0cb2977f @ Sat Jul 11 06:42:00 UTC 2026
// 重构日志: 4a56f12a
// 重构日志: 24b6244d
// 重构日志: faee96a6
// 同步 ID: c36e13dd @ Sun Jul 12 09:50:37 UTC 2026
// 重构日志: 00d5ed05
// 重构日志: c498f512
// 同步 ID: ed0b2584 @ Tue Jul 14 00:34:33 UTC 2026
// 同步 ID: 961e3703 @ Tue Jul 14 07:04:03 UTC 2026
// 同步 ID: 938e2167 @ Tue Jul 14 12:26:08 UTC 2026
// 重构日志: 7672623e
// 重构日志: 54703353
// 重构日志: fb3babc4
